[ 25%] [32mBuilding CXX object CMakeFiles/mocap4r2_optitrack_driver.dir/src/mocap4r2_optitrack_driver/mocap4r2_optitrack_driver.cpp.o[0m
[01m[K/home/arael/Downloads/Mpala /mocap_ws/src/mocap4ros2_optitrack/mocap4r2_optitrack_driver/src/mocap4r2_optitrack_driver/mocap4r2_optitrack_driver.cpp:[m[K In member function â€˜[01m[Kvoid mocap4r2_optitrack_driver::OptitrackDriverNode::[01;32m[Kprocess_frame[m[K(sFrameOfMocapData*)[m[Kâ€™:
[01m[K/home/arael/Downloads/Mpala /mocap_ws/src/mocap4ros2_optitrack/mocap4r2_optitrack_driver/src/mocap4r2_optitrack_driver/mocap4r2_optitrack_driver.cpp:178:13:[m[K [01;31m[Kerror: [m[Kâ€˜[01m[Kdescriptions_[m[Kâ€™ was not declared in this scope; did you mean â€˜[01m[Kdescriptions[m[Kâ€™?
  178 |         if ([01;31m[Kdescriptions_[m[K->arrDataDescriptions[j].type == Descriptor_RigidBody) {
      |             [01;31m[K^~~~~~~~~~~~~[m[K
      |             [32m[Kdescriptions[m[K
gmake[2]: *** [CMakeFiles/mocap4r2_optitrack_driver.dir/build.make:76: CMakeFiles/mocap4r2_optitrack_driver.dir/src/mocap4r2_optitrack_driver/mocap4r2_optitrack_driver.cpp.o] Error 1
gmake[1]: *** [CMakeFiles/Makefile2:139: CMakeFiles/mocap4r2_optitrack_driver.dir/all] Error 2
gmake: *** [Makefile:146: all] Error 2
