[0.040s] Invoking command in '/home/arael/Downloads/Mpala /mocap_ws/build/mocap4r2_optitrack_driver': CMAKE_PREFIX_PATH=/home/arael/Downloads/Mpala /mocap_ws/install/mocap4r2_control:/home/arael/Downloads/Mpala /mocap_ws/install/mocap4r2_msgs:/home/arael/Downloads/Mpala /mocap_ws/install/mocap4r2_control_msgs:/home/arael/Downloads/Mpala /mocap_ws/install/rqt_mocap4r2_control:/home/arael/Downloads/Mpala /mocap_ws/install/mocap4r2_robot_gt:/home/arael/Downloads/Mpala /mocap_ws/install/mocap4r2_robot_gt_msgs:/home/arael/Downloads/Mpala /mocap_ws/install/mocap4r2_optitrack_driver:/home/arael/Downloads/Mpala /mocap_ws/install/mocap4r2_marker_viz:/home/arael/Downloads/Mpala /mocap_ws/install/mocap4r2_marker_publisher:/home/arael/Downloads/Mpala /mocap_ws/install/mocap4r2_dummy_driver:/home/arael/Downloads/Mpala /mocap_ws/install/mocap4r2_marker_viz_srvs:/opt/ros/jazzy/opt/gz_math_vendor:/opt/ros/jazzy/opt/gz_utils_vendor:/opt/ros/jazzy/opt/gz_cmake_vendor:/home/arael/Downloads/Mpala /mocap_ws/install/mocap4r2cli:/opt/ros/jazzy DEBUGINFOD_URLS=https://debuginfod.ubuntu.com LD_LIBRARY_PATH=/home/arael/Downloads/Mpala /mocap_ws/install/mocap4r2_control/lib:/home/arael/Downloads/Mpala /mocap_ws/install/mocap4r2_msgs/lib:/home/arael/Downloads/Mpala /mocap_ws/install/mocap4r2_control_msgs/lib:/home/arael/Downloads/Mpala /mocap_ws/install/rqt_mocap4r2_control/lib:/home/arael/Downloads/Mpala /mocap_ws/install/mocap4r2_robot_gt/lib:/home/arael/Downloads/Mpala /mocap_ws/install/mocap4r2_robot_gt_msgs/lib:/home/arael/Downloads/Mpala /mocap_ws/install/mocap4r2_optitrack_driver/lib:/home/arael/Downloads/Mpala /mocap_ws/install/mocap4r2_marker_viz_srvs/lib:/opt/ros/jazzy/opt/rviz_ogre_vendor/lib:/opt/ros/jazzy/lib/x86_64-linux-gnu:/opt/ros/jazzy/opt/gz_math_vendor/lib:/opt/ros/jazzy/opt/gz_utils_vendor/lib:/opt/ros/jazzy/opt/gz_cmake_vendor/lib:/opt/ros/jazzy/lib PYTHONPATH=/home/arael/Downloads/Mpala /mocap_ws/install/mocap4r2_msgs/lib/python3.12/site-packages:/home/arael/Downloads/Mpala /mocap_ws/install/mocap4r2_control_msgs/lib/python3.12/site-packages:/home/arael/Downloads/Mpala /mocap_ws/build/mocap4r2cli:/home/arael/Downloads/Mpala /mocap_ws/install/mocap4r2cli/lib/python3.12/site-packages:/home/arael/Downloads/Mpala /mocap_ws/install/mocap4r2_robot_gt_msgs/lib/python3.12/site-packages:/home/arael/Downloads/Mpala /mocap_ws/install/mocap4r2_marker_viz_srvs/lib/python3.12/site-packages:/opt/ros/jazzy/lib/python3.12/site-packages /usr/bin/cmake --build /home/arael/Downloads/Mpala /mocap_ws/build/mocap4r2_optitrack_driver -- -j16 -l16
[0.215s] [ 25%] [32mBuilding CXX object CMakeFiles/mocap4r2_optitrack_driver.dir/src/mocap4r2_optitrack_driver/mocap4r2_optitrack_driver.cpp.o[0m
[5.431s] [01m[K/home/arael/Downloads/Mpala /mocap_ws/src/mocap4ros2_optitrack/mocap4r2_optitrack_driver/src/mocap4r2_optitrack_driver/mocap4r2_optitrack_driver.cpp:[m[K In member function â€˜[01m[Kvoid mocap4r2_optitrack_driver::OptitrackDriverNode::[01;32m[Kprocess_frame[m[K(sFrameOfMocapData*)[m[Kâ€™:
[5.431s] [01m[K/home/arael/Downloads/Mpala /mocap_ws/src/mocap4ros2_optitrack/mocap4r2_optitrack_driver/src/mocap4r2_optitrack_driver/mocap4r2_optitrack_driver.cpp:178:13:[m[K [01;31m[Kerror: [m[Kâ€˜[01m[Kdescriptions_[m[Kâ€™ was not declared in this scope; did you mean â€˜[01m[Kdescriptions[m[Kâ€™?
[5.432s]   178 |         if ([01;31m[Kdescriptions_[m[K->arrDataDescriptions[j].type == Descriptor_RigidBody) {
[5.432s]       |             [01;31m[K^~~~~~~~~~~~~[m[K
[5.432s]       |             [32m[Kdescriptions[m[K
[6.945s] gmake[2]: *** [CMakeFiles/mocap4r2_optitrack_driver.dir/build.make:76: CMakeFiles/mocap4r2_optitrack_driver.dir/src/mocap4r2_optitrack_driver/mocap4r2_optitrack_driver.cpp.o] Error 1
[6.945s] gmake[1]: *** [CMakeFiles/Makefile2:139: CMakeFiles/mocap4r2_optitrack_driver.dir/all] Error 2
[6.946s] gmake: *** [Makefile:146: all] Error 2
[6.948s] Invoked command in '/home/arael/Downloads/Mpala /mocap_ws/build/mocap4r2_optitrack_driver' returned '2': CMAKE_PREFIX_PATH=/home/arael/Downloads/Mpala /mocap_ws/install/mocap4r2_control:/home/arael/Downloads/Mpala /mocap_ws/install/mocap4r2_msgs:/home/arael/Downloads/Mpala /mocap_ws/install/mocap4r2_control_msgs:/home/arael/Downloads/Mpala /mocap_ws/install/rqt_mocap4r2_control:/home/arael/Downloads/Mpala /mocap_ws/install/mocap4r2_robot_gt:/home/arael/Downloads/Mpala /mocap_ws/install/mocap4r2_robot_gt_msgs:/home/arael/Downloads/Mpala /mocap_ws/install/mocap4r2_optitrack_driver:/home/arael/Downloads/Mpala /mocap_ws/install/mocap4r2_marker_viz:/home/arael/Downloads/Mpala /mocap_ws/install/mocap4r2_marker_publisher:/home/arael/Downloads/Mpala /mocap_ws/install/mocap4r2_dummy_driver:/home/arael/Downloads/Mpala /mocap_ws/install/mocap4r2_marker_viz_srvs:/opt/ros/jazzy/opt/gz_math_vendor:/opt/ros/jazzy/opt/gz_utils_vendor:/opt/ros/jazzy/opt/gz_cmake_vendor:/home/arael/Downloads/Mpala /mocap_ws/install/mocap4r2cli:/opt/ros/jazzy DEBUGINFOD_URLS=https://debuginfod.ubuntu.com LD_LIBRARY_PATH=/home/arael/Downloads/Mpala /mocap_ws/install/mocap4r2_control/lib:/home/arael/Downloads/Mpala /mocap_ws/install/mocap4r2_msgs/lib:/home/arael/Downloads/Mpala /mocap_ws/install/mocap4r2_control_msgs/lib:/home/arael/Downloads/Mpala /mocap_ws/install/rqt_mocap4r2_control/lib:/home/arael/Downloads/Mpala /mocap_ws/install/mocap4r2_robot_gt/lib:/home/arael/Downloads/Mpala /mocap_ws/install/mocap4r2_robot_gt_msgs/lib:/home/arael/Downloads/Mpala /mocap_ws/install/mocap4r2_optitrack_driver/lib:/home/arael/Downloads/Mpala /mocap_ws/install/mocap4r2_marker_viz_srvs/lib:/opt/ros/jazzy/opt/rviz_ogre_vendor/lib:/opt/ros/jazzy/lib/x86_64-linux-gnu:/opt/ros/jazzy/opt/gz_math_vendor/lib:/opt/ros/jazzy/opt/gz_utils_vendor/lib:/opt/ros/jazzy/opt/gz_cmake_vendor/lib:/opt/ros/jazzy/lib PYTHONPATH=/home/arael/Downloads/Mpala /mocap_ws/install/mocap4r2_msgs/lib/python3.12/site-packages:/home/arael/Downloads/Mpala /mocap_ws/install/mocap4r2_control_msgs/lib/python3.12/site-packages:/home/arael/Downloads/Mpala /mocap_ws/build/mocap4r2cli:/home/arael/Downloads/Mpala /mocap_ws/install/mocap4r2cli/lib/python3.12/site-packages:/home/arael/Downloads/Mpala /mocap_ws/install/mocap4r2_robot_gt_msgs/lib/python3.12/site-packages:/home/arael/Downloads/Mpala /mocap_ws/install/mocap4r2_marker_viz_srvs/lib/python3.12/site-packages:/opt/ros/jazzy/lib/python3.12/site-packages /usr/bin/cmake --build /home/arael/Downloads/Mpala /mocap_ws/build/mocap4r2_optitrack_driver -- -j16 -l16
