gmake[2]: *** Deleting file 'libmocap4r2_control_msgs__rosidl_typesupport_introspection_cpp.so'
gmake[2]: *** [CMakeFiles/mocap4r2_control_msgs__rosidl_typesupport_fastrtps_cpp.dir/build.make:162: CMakeFiles/mocap4r2_control_msgs__rosidl_typesupport_fastrtps_cpp.dir/rosidl_typesupport_fastrtps_cpp/mocap4r2_control_msgs/msg/detail/dds_fastrtps/control__type_support.cpp.o] Interrupt
gmake[2]: *** [CMakeFiles/mocap4r2_control_msgs__rosidl_typesupport_fastrtps_cpp.dir/build.make:176: CMakeFiles/mocap4r2_control_msgs__rosidl_typesupport_fastrtps_cpp.dir/rosidl_typesupport_fastrtps_cpp/mocap4r2_control_msgs/msg/detail/dds_fastrtps/mocap_info__type_support.cpp.o] Interrupt
gmake[2]: *** [CMakeFiles/mocap4r2_control_msgs__rosidl_typesupport_cpp.dir/build.make:154: CMakeFiles/mocap4r2_control_msgs__rosidl_typesupport_cpp.dir/rosidl_typesupport_cpp/mocap4r2_control_msgs/msg/control__type_support.cpp.o] Interrupt
gmake[2]: *** [CMakeFiles/mocap4r2_control_msgs__rosidl_typesupport_introspection_cpp.dir/build.make:210: libmocap4r2_control_msgs__rosidl_typesupport_introspection_cpp.so] Interrupt
gmake[1]: *** [CMakeFiles/Makefile2:372: CMakeFiles/mocap4r2_control_msgs__rosidl_typesupport_fastrtps_cpp.dir/all] Interrupt
gmake[1]: *** [CMakeFiles/Makefile2:399: CMakeFiles/mocap4r2_control_msgs__rosidl_typesupport_introspection_cpp.dir/all] Interrupt
gmake[2]: *** [CMakeFiles/mocap4r2_control_msgs__rosidl_typesupport_fastrtps_c.dir/build.make:176: CMakeFiles/mocap4r2_control_msgs__rosidl_typesupport_fastrtps_c.dir/rosidl_typesupport_fastrtps_c/mocap4r2_control_msgs/msg/detail/mocap_info__type_support_c.cpp.o] Interrupt
gmake[2]: *** wait: No child processes.  Stop.
gmake[2]: *** Waiting for unfinished jobs....
gmake[2]: *** wait: No child processes.  Stop.
gmake[1]: *** [CMakeFiles/Makefile2:267: CMakeFiles/mocap4r2_control_msgs__rosidl_typesupport_fastrtps_c.dir/all] Error 2
gmake[1]: *** wait: No child processes.  Stop.
gmake[1]: *** Waiting for unfinished jobs....
gmake[1]: *** wait: No child processes.  Stop.
gmake: *** [Makefile:146: all] Error 2
